2017/07/04 18:16:37 [error] [exception.ParseError] ParseError: syntax error, unexpected 'public' (T_PUBLIC), expecting end of file in C:\xampp\htdocs\sinteret\protected\controllers\SiteController.php:164
Stack trace:
#0 C:\xampp\htdocs\yii\framework\web\CWebApplication.php(276): CWebApplication->createController('login/')
#1 C:\xampp\htdocs\yii\framework\web\CWebApplication.php(141): CWebApplication->runController('site/login')
#2 C:\xampp\htdocs\yii\framework\base\CApplication.php(185): CWebApplication->processRequest()
#3 C:\xampp\htdocs\sinteret\index.php(13): CApplication->run()
#4 {main}
REQUEST_URI=/sinteret/index.php?r=site/login
HTTP_REFERER=http://localhost/sinteret/
---
2017/07/04 18:17:02 [error] [exception.CException] CException: Alias "application.extensions.EOAuth.EAuthWidget" is invalid. Make sure it points to an existing PHP file and the file is readable. in C:\xampp\htdocs\yii\framework\YiiBase.php:323
Stack trace:
#0 C:\xampp\htdocs\yii\framework\web\CWidgetFactory.php(146): YiiBase::import('application.ext...', true)
#1 C:\xampp\htdocs\yii\framework\web\CBaseController.php(146): CWidgetFactory->createWidget(Object(SiteController), 'application.ext...', Array)
#2 C:\xampp\htdocs\yii\framework\web\CBaseController.php(180): CBaseController->createWidget('application.ext...', Array)
#3 C:\xampp\htdocs\sinteret\protected\views\site\login.php(60): CBaseController->widget('application.ext...', Array)
#4 C:\xampp\htdocs\yii\framework\web\CBaseController.php(126): require('C:\\xampp\\htdocs...')
#5 C:\xampp\htdocs\yii\framework\web\CBaseController.php(95): CBaseController->renderInternal('C:\\xampp\\htdocs...', Array, true)
#6 C:\xampp\htdocs\yii\framework\web\CController.php(869): CBaseController->renderFile('C:\\xampp\\htdocs...', Array, true)
#7 C:\xampp\htdocs\yii\framework\web\CController.php(782): CController->renderPartial('login', Array, true)
#8 C:\xampp\htdocs\sinteret\protected\controllers\SiteController.php(98): CController->render('login', Array)
#9 C:\xampp\htdocs\yii\framework\web\actions\CInlineAction.php(49): SiteController->actionLogin()
#10 C:\xampp\htdocs\yii\framework\web\CController.php(308): CInlineAction->runWithParams(Array)
#11 C:\xampp\htdocs\yii\framework\web\CController.php(286): CController->runAction(Object(CInlineAction))
#12 C:\xampp\htdocs\yii\framework\web\CController.php(265): CController->runActionWithFilters(Object(CInlineAction), Array)
#13 C:\xampp\htdocs\yii\framework\web\CWebApplication.php(282): CController->run('login')
#14 C:\xampp\htdocs\yii\framework\web\CWebApplication.php(141): CWebApplication->runController('site/login')
#15 C:\xampp\htdocs\yii\framework\base\CApplication.php(185): CWebApplication->processRequest()
#16 C:\xampp\htdocs\sinteret\index.php(13): CApplication->run()
#17 {main}
REQUEST_URI=/sinteret/index.php?r=site/login
HTTP_REFERER=http://localhost/sinteret/
---
2017/07/04 18:23:13 [error] [exception.CException] CException: Alias "application.extensions.eauth.EAuthWidget" is invalid. Make sure it points to an existing PHP file and the file is readable. in C:\xampp\htdocs\yii\framework\YiiBase.php:323
Stack trace:
#0 C:\xampp\htdocs\yii\framework\web\CWidgetFactory.php(146): YiiBase::import('application.ext...', true)
#1 C:\xampp\htdocs\yii\framework\web\CBaseController.php(146): CWidgetFactory->createWidget(Object(SiteController), 'application.ext...', Array)
#2 C:\xampp\htdocs\yii\framework\web\CBaseController.php(180): CBaseController->createWidget('application.ext...', Array)
#3 C:\xampp\htdocs\sinteret\protected\views\site\login.php(60): CBaseController->widget('application.ext...', Array)
#4 C:\xampp\htdocs\yii\framework\web\CBaseController.php(126): require('C:\\xampp\\htdocs...')
#5 C:\xampp\htdocs\yii\framework\web\CBaseController.php(95): CBaseController->renderInternal('C:\\xampp\\htdocs...', Array, true)
#6 C:\xampp\htdocs\yii\framework\web\CController.php(869): CBaseController->renderFile('C:\\xampp\\htdocs...', Array, true)
#7 C:\xampp\htdocs\yii\framework\web\CController.php(782): CController->renderPartial('login', Array, true)
#8 C:\xampp\htdocs\sinteret\protected\controllers\SiteController.php(98): CController->render('login', Array)
#9 C:\xampp\htdocs\yii\framework\web\actions\CInlineAction.php(49): SiteController->actionLogin()
#10 C:\xampp\htdocs\yii\framework\web\CController.php(308): CInlineAction->runWithParams(Array)
#11 C:\xampp\htdocs\yii\framework\web\CController.php(286): CController->runAction(Object(CInlineAction))
#12 C:\xampp\htdocs\yii\framework\web\CController.php(265): CController->runActionWithFilters(Object(CInlineAction), Array)
#13 C:\xampp\htdocs\yii\framework\web\CWebApplication.php(282): CController->run('login')
#14 C:\xampp\htdocs\yii\framework\web\CWebApplication.php(141): CWebApplication->runController('site/login')
#15 C:\xampp\htdocs\yii\framework\base\CApplication.php(185): CWebApplication->processRequest()
#16 C:\xampp\htdocs\sinteret\index.php(13): CApplication->run()
#17 {main}
REQUEST_URI=/sinteret/index.php?r=site/login
HTTP_REFERER=http://localhost/sinteret/
---
2017/07/04 18:24:20 [error] [exception.CException] CException: Alias "application.extensions.eauth.EAuthWidget" is invalid. Make sure it points to an existing PHP file and the file is readable. in C:\xampp\htdocs\yii\framework\YiiBase.php:323
Stack trace:
#0 C:\xampp\htdocs\yii\framework\web\CWidgetFactory.php(146): YiiBase::import('application.ext...', true)
#1 C:\xampp\htdocs\yii\framework\web\CBaseController.php(146): CWidgetFactory->createWidget(Object(SiteController), 'application.ext...', Array)
#2 C:\xampp\htdocs\yii\framework\web\CBaseController.php(180): CBaseController->createWidget('application.ext...', Array)
#3 C:\xampp\htdocs\sinteret\protected\views\site\login.php(60): CBaseController->widget('application.ext...', Array)
#4 C:\xampp\htdocs\yii\framework\web\CBaseController.php(126): require('C:\\xampp\\htdocs...')
#5 C:\xampp\htdocs\yii\framework\web\CBaseController.php(95): CBaseController->renderInternal('C:\\xampp\\htdocs...', Array, true)
#6 C:\xampp\htdocs\yii\framework\web\CController.php(869): CBaseController->renderFile('C:\\xampp\\htdocs...', Array, true)
#7 C:\xampp\htdocs\yii\framework\web\CController.php(782): CController->renderPartial('login', Array, true)
#8 C:\xampp\htdocs\sinteret\protected\controllers\SiteController.php(98): CController->render('login', Array)
#9 C:\xampp\htdocs\yii\framework\web\actions\CInlineAction.php(49): SiteController->actionLogin()
#10 C:\xampp\htdocs\yii\framework\web\CController.php(308): CInlineAction->runWithParams(Array)
#11 C:\xampp\htdocs\yii\framework\web\CController.php(286): CController->runAction(Object(CInlineAction))
#12 C:\xampp\htdocs\yii\framework\web\CController.php(265): CController->runActionWithFilters(Object(CInlineAction), Array)
#13 C:\xampp\htdocs\yii\framework\web\CWebApplication.php(282): CController->run('login')
#14 C:\xampp\htdocs\yii\framework\web\CWebApplication.php(141): CWebApplication->runController('site/login')
#15 C:\xampp\htdocs\yii\framework\base\CApplication.php(185): CWebApplication->processRequest()
#16 C:\xampp\htdocs\sinteret\index.php(13): CApplication->run()
#17 {main}
REQUEST_URI=/sinteret/index.php?r=site/login
HTTP_REFERER=http://localhost/sinteret/
---
2017/07/04 18:24:22 [error] [exception.CException] CException: Alias "application.extensions.eauth.EAuthWidget" is invalid. Make sure it points to an existing PHP file and the file is readable. in C:\xampp\htdocs\yii\framework\YiiBase.php:323
Stack trace:
#0 C:\xampp\htdocs\yii\framework\web\CWidgetFactory.php(146): YiiBase::import('application.ext...', true)
#1 C:\xampp\htdocs\yii\framework\web\CBaseController.php(146): CWidgetFactory->createWidget(Object(SiteController), 'application.ext...', Array)
#2 C:\xampp\htdocs\yii\framework\web\CBaseController.php(180): CBaseController->createWidget('application.ext...', Array)
#3 C:\xampp\htdocs\sinteret\protected\views\site\login.php(60): CBaseController->widget('application.ext...', Array)
#4 C:\xampp\htdocs\yii\framework\web\CBaseController.php(126): require('C:\\xampp\\htdocs...')
#5 C:\xampp\htdocs\yii\framework\web\CBaseController.php(95): CBaseController->renderInternal('C:\\xampp\\htdocs...', Array, true)
#6 C:\xampp\htdocs\yii\framework\web\CController.php(869): CBaseController->renderFile('C:\\xampp\\htdocs...', Array, true)
#7 C:\xampp\htdocs\yii\framework\web\CController.php(782): CController->renderPartial('login', Array, true)
#8 C:\xampp\htdocs\sinteret\protected\controllers\SiteController.php(98): CController->render('login', Array)
#9 C:\xampp\htdocs\yii\framework\web\actions\CInlineAction.php(49): SiteController->actionLogin()
#10 C:\xampp\htdocs\yii\framework\web\CController.php(308): CInlineAction->runWithParams(Array)
#11 C:\xampp\htdocs\yii\framework\web\CController.php(286): CController->runAction(Object(CInlineAction))
#12 C:\xampp\htdocs\yii\framework\web\CController.php(265): CController->runActionWithFilters(Object(CInlineAction), Array)
#13 C:\xampp\htdocs\yii\framework\web\CWebApplication.php(282): CController->run('login')
#14 C:\xampp\htdocs\yii\framework\web\CWebApplication.php(141): CWebApplication->runController('site/login')
#15 C:\xampp\htdocs\yii\framework\base\CApplication.php(185): CWebApplication->processRequest()
#16 C:\xampp\htdocs\sinteret\index.php(13): CApplication->run()
#17 {main}
REQUEST_URI=/sinteret/index.php?r=site/login
HTTP_REFERER=http://localhost/sinteret/
---
2017/07/04 18:24:22 [error] [exception.CException] CException: Alias "application.extensions.eauth.EAuthWidget" is invalid. Make sure it points to an existing PHP file and the file is readable. in C:\xampp\htdocs\yii\framework\YiiBase.php:323
Stack trace:
#0 C:\xampp\htdocs\yii\framework\web\CWidgetFactory.php(146): YiiBase::import('application.ext...', true)
#1 C:\xampp\htdocs\yii\framework\web\CBaseController.php(146): CWidgetFactory->createWidget(Object(SiteController), 'application.ext...', Array)
#2 C:\xampp\htdocs\yii\framework\web\CBaseController.php(180): CBaseController->createWidget('application.ext...', Array)
#3 C:\xampp\htdocs\sinteret\protected\views\site\login.php(60): CBaseController->widget('application.ext...', Array)
#4 C:\xampp\htdocs\yii\framework\web\CBaseController.php(126): require('C:\\xampp\\htdocs...')
#5 C:\xampp\htdocs\yii\framework\web\CBaseController.php(95): CBaseController->renderInternal('C:\\xampp\\htdocs...', Array, true)
#6 C:\xampp\htdocs\yii\framework\web\CController.php(869): CBaseController->renderFile('C:\\xampp\\htdocs...', Array, true)
#7 C:\xampp\htdocs\yii\framework\web\CController.php(782): CController->renderPartial('login', Array, true)
#8 C:\xampp\htdocs\sinteret\protected\controllers\SiteController.php(98): CController->render('login', Array)
#9 C:\xampp\htdocs\yii\framework\web\actions\CInlineAction.php(49): SiteController->actionLogin()
#10 C:\xampp\htdocs\yii\framework\web\CController.php(308): CInlineAction->runWithParams(Array)
#11 C:\xampp\htdocs\yii\framework\web\CController.php(286): CController->runAction(Object(CInlineAction))
#12 C:\xampp\htdocs\yii\framework\web\CController.php(265): CController->runActionWithFilters(Object(CInlineAction), Array)
#13 C:\xampp\htdocs\yii\framework\web\CWebApplication.php(282): CController->run('login')
#14 C:\xampp\htdocs\yii\framework\web\CWebApplication.php(141): CWebApplication->runController('site/login')
#15 C:\xampp\htdocs\yii\framework\base\CApplication.php(185): CWebApplication->processRequest()
#16 C:\xampp\htdocs\sinteret\index.php(13): CApplication->run()
#17 {main}
REQUEST_URI=/sinteret/index.php?r=site/login
HTTP_REFERER=http://localhost/sinteret/
---
2017/07/04 18:24:23 [error] [exception.CException] CException: Alias "application.extensions.eauth.EAuthWidget" is invalid. Make sure it points to an existing PHP file and the file is readable. in C:\xampp\htdocs\yii\framework\YiiBase.php:323
Stack trace:
#0 C:\xampp\htdocs\yii\framework\web\CWidgetFactory.php(146): YiiBase::import('application.ext...', true)
#1 C:\xampp\htdocs\yii\framework\web\CBaseController.php(146): CWidgetFactory->createWidget(Object(SiteController), 'application.ext...', Array)
#2 C:\xampp\htdocs\yii\framework\web\CBaseController.php(180): CBaseController->createWidget('application.ext...', Array)
#3 C:\xampp\htdocs\sinteret\protected\views\site\login.php(60): CBaseController->widget('application.ext...', Array)
#4 C:\xampp\htdocs\yii\framework\web\CBaseController.php(126): require('C:\\xampp\\htdocs...')
#5 C:\xampp\htdocs\yii\framework\web\CBaseController.php(95): CBaseController->renderInternal('C:\\xampp\\htdocs...', Array, true)
#6 C:\xampp\htdocs\yii\framework\web\CController.php(869): CBaseController->renderFile('C:\\xampp\\htdocs...', Array, true)
#7 C:\xampp\htdocs\yii\framework\web\CController.php(782): CController->renderPartial('login', Array, true)
#8 C:\xampp\htdocs\sinteret\protected\controllers\SiteController.php(98): CController->render('login', Array)
#9 C:\xampp\htdocs\yii\framework\web\actions\CInlineAction.php(49): SiteController->actionLogin()
#10 C:\xampp\htdocs\yii\framework\web\CController.php(308): CInlineAction->runWithParams(Array)
#11 C:\xampp\htdocs\yii\framework\web\CController.php(286): CController->runAction(Object(CInlineAction))
#12 C:\xampp\htdocs\yii\framework\web\CController.php(265): CController->runActionWithFilters(Object(CInlineAction), Array)
#13 C:\xampp\htdocs\yii\framework\web\CWebApplication.php(282): CController->run('login')
#14 C:\xampp\htdocs\yii\framework\web\CWebApplication.php(141): CWebApplication->runController('site/login')
#15 C:\xampp\htdocs\yii\framework\base\CApplication.php(185): CWebApplication->processRequest()
#16 C:\xampp\htdocs\sinteret\index.php(13): CApplication->run()
#17 {main}
REQUEST_URI=/sinteret/index.php?r=site/login
HTTP_REFERER=http://localhost/sinteret/
---
2017/07/04 18:26:19 [error] [exception.CException] CException: Alias "application.extensions.eauth.EAuthWidget" is invalid. Make sure it points to an existing PHP file and the file is readable. in C:\xampp\htdocs\yii\framework\YiiBase.php:323
Stack trace:
#0 C:\xampp\htdocs\yii\framework\web\CWidgetFactory.php(146): YiiBase::import('application.ext...', true)
#1 C:\xampp\htdocs\yii\framework\web\CBaseController.php(146): CWidgetFactory->createWidget(Object(SiteController), 'application.ext...', Array)
#2 C:\xampp\htdocs\yii\framework\web\CBaseController.php(180): CBaseController->createWidget('application.ext...', Array)
#3 C:\xampp\htdocs\sinteret\protected\views\site\login.php(60): CBaseController->widget('application.ext...', Array)
#4 C:\xampp\htdocs\yii\framework\web\CBaseController.php(126): require('C:\\xampp\\htdocs...')
#5 C:\xampp\htdocs\yii\framework\web\CBaseController.php(95): CBaseController->renderInternal('C:\\xampp\\htdocs...', Array, true)
#6 C:\xampp\htdocs\yii\framework\web\CController.php(869): CBaseController->renderFile('C:\\xampp\\htdocs...', Array, true)
#7 C:\xampp\htdocs\yii\framework\web\CController.php(782): CController->renderPartial('login', Array, true)
#8 C:\xampp\htdocs\sinteret\protected\controllers\SiteController.php(98): CController->render('login', Array)
#9 C:\xampp\htdocs\yii\framework\web\actions\CInlineAction.php(49): SiteController->actionLogin()
#10 C:\xampp\htdocs\yii\framework\web\CController.php(308): CInlineAction->runWithParams(Array)
#11 C:\xampp\htdocs\yii\framework\web\CController.php(286): CController->runAction(Object(CInlineAction))
#12 C:\xampp\htdocs\yii\framework\web\CController.php(265): CController->runActionWithFilters(Object(CInlineAction), Array)
#13 C:\xampp\htdocs\yii\framework\web\CWebApplication.php(282): CController->run('login')
#14 C:\xampp\htdocs\yii\framework\web\CWebApplication.php(141): CWebApplication->runController('site/login')
#15 C:\xampp\htdocs\yii\framework\base\CApplication.php(185): CWebApplication->processRequest()
#16 C:\xampp\htdocs\sinteret\index.php(13): CApplication->run()
#17 {main}
REQUEST_URI=/sinteret/index.php?r=site/login
HTTP_REFERER=http://localhost/sinteret/
---
2017/07/04 18:26:20 [error] [exception.CException] CException: Alias "application.extensions.eauth.EAuthWidget" is invalid. Make sure it points to an existing PHP file and the file is readable. in C:\xampp\htdocs\yii\framework\YiiBase.php:323
Stack trace:
#0 C:\xampp\htdocs\yii\framework\web\CWidgetFactory.php(146): YiiBase::import('application.ext...', true)
#1 C:\xampp\htdocs\yii\framework\web\CBaseController.php(146): CWidgetFactory->createWidget(Object(SiteController), 'application.ext...', Array)
#2 C:\xampp\htdocs\yii\framework\web\CBaseController.php(180): CBaseController->createWidget('application.ext...', Array)
#3 C:\xampp\htdocs\sinteret\protected\views\site\login.php(60): CBaseController->widget('application.ext...', Array)
#4 C:\xampp\htdocs\yii\framework\web\CBaseController.php(126): require('C:\\xampp\\htdocs...')
#5 C:\xampp\htdocs\yii\framework\web\CBaseController.php(95): CBaseController->renderInternal('C:\\xampp\\htdocs...', Array, true)
#6 C:\xampp\htdocs\yii\framework\web\CController.php(869): CBaseController->renderFile('C:\\xampp\\htdocs...', Array, true)
#7 C:\xampp\htdocs\yii\framework\web\CController.php(782): CController->renderPartial('login', Array, true)
#8 C:\xampp\htdocs\sinteret\protected\controllers\SiteController.php(98): CController->render('login', Array)
#9 C:\xampp\htdocs\yii\framework\web\actions\CInlineAction.php(49): SiteController->actionLogin()
#10 C:\xampp\htdocs\yii\framework\web\CController.php(308): CInlineAction->runWithParams(Array)
#11 C:\xampp\htdocs\yii\framework\web\CController.php(286): CController->runAction(Object(CInlineAction))
#12 C:\xampp\htdocs\yii\framework\web\CController.php(265): CController->runActionWithFilters(Object(CInlineAction), Array)
#13 C:\xampp\htdocs\yii\framework\web\CWebApplication.php(282): CController->run('login')
#14 C:\xampp\htdocs\yii\framework\web\CWebApplication.php(141): CWebApplication->runController('site/login')
#15 C:\xampp\htdocs\yii\framework\base\CApplication.php(185): CWebApplication->processRequest()
#16 C:\xampp\htdocs\sinteret\index.php(13): CApplication->run()
#17 {main}
REQUEST_URI=/sinteret/index.php?r=site/login
HTTP_REFERER=http://localhost/sinteret/
---
2017/07/04 18:26:21 [error] [exception.CException] CException: Alias "application.extensions.eauth.EAuthWidget" is invalid. Make sure it points to an existing PHP file and the file is readable. in C:\xampp\htdocs\yii\framework\YiiBase.php:323
Stack trace:
#0 C:\xampp\htdocs\yii\framework\web\CWidgetFactory.php(146): YiiBase::import('application.ext...', true)
#1 C:\xampp\htdocs\yii\framework\web\CBaseController.php(146): CWidgetFactory->createWidget(Object(SiteController), 'application.ext...', Array)
#2 C:\xampp\htdocs\yii\framework\web\CBaseController.php(180): CBaseController->createWidget('application.ext...', Array)
#3 C:\xampp\htdocs\sinteret\protected\views\site\login.php(60): CBaseController->widget('application.ext...', Array)
#4 C:\xampp\htdocs\yii\framework\web\CBaseController.php(126): require('C:\\xampp\\htdocs...')
#5 C:\xampp\htdocs\yii\framework\web\CBaseController.php(95): CBaseController->renderInternal('C:\\xampp\\htdocs...', Array, true)
#6 C:\xampp\htdocs\yii\framework\web\CController.php(869): CBaseController->renderFile('C:\\xampp\\htdocs...', Array, true)
#7 C:\xampp\htdocs\yii\framework\web\CController.php(782): CController->renderPartial('login', Array, true)
#8 C:\xampp\htdocs\sinteret\protected\controllers\SiteController.php(98): CController->render('login', Array)
#9 C:\xampp\htdocs\yii\framework\web\actions\CInlineAction.php(49): SiteController->actionLogin()
#10 C:\xampp\htdocs\yii\framework\web\CController.php(308): CInlineAction->runWithParams(Array)
#11 C:\xampp\htdocs\yii\framework\web\CController.php(286): CController->runAction(Object(CInlineAction))
#12 C:\xampp\htdocs\yii\framework\web\CController.php(265): CController->runActionWithFilters(Object(CInlineAction), Array)
#13 C:\xampp\htdocs\yii\framework\web\CWebApplication.php(282): CController->run('login')
#14 C:\xampp\htdocs\yii\framework\web\CWebApplication.php(141): CWebApplication->runController('site/login')
#15 C:\xampp\htdocs\yii\framework\base\CApplication.php(185): CWebApplication->processRequest()
#16 C:\xampp\htdocs\sinteret\index.php(13): CApplication->run()
#17 {main}
REQUEST_URI=/sinteret/index.php?r=site/login
HTTP_REFERER=http://localhost/sinteret/
---
2017/07/04 18:28:49 [error] [exception.ArgumentCountError] ArgumentCountError: Too few arguments to function LightOpenID::__construct(), 0 passed in C:\xampp\htdocs\sinteret\protected\extensions\lightopenid\loid.php on line 34 and exactly 1 expected in C:\xampp\htdocs\sinteret\protected\extensions\lightopenid\LightOpenID.php:74
Stack trace:
#0 C:\xampp\htdocs\sinteret\protected\extensions\lightopenid\loid.php(34): LightOpenID->__construct()
#1 C:\xampp\htdocs\sinteret\protected\extensions\eauth\EOpenIDService.php(55): loid->load()
#2 C:\xampp\htdocs\sinteret\protected\extensions\eauth\EAuth.php(136): EOpenIDService->init(Object(EAuth), Array)
#3 C:\xampp\htdocs\sinteret\protected\extensions\eauth\EAuth.php(72): EAuth->getIdentity(Array)
#4 C:\xampp\htdocs\sinteret\protected\extensions\eauth\EAuthWidget.php(63): EAuth->getServices()
#5 C:\xampp\htdocs\yii\framework\web\CBaseController.php(147): EAuthWidget->init()
#6 C:\xampp\htdocs\yii\framework\web\CBaseController.php(180): CBaseController->createWidget('application.ext...', Array)
#7 C:\xampp\htdocs\sinteret\protected\views\site\login.php(60): CBaseController->widget('application.ext...', Array)
#8 C:\xampp\htdocs\yii\framework\web\CBaseController.php(126): require('C:\\xampp\\htdocs...')
#9 C:\xampp\htdocs\yii\framework\web\CBaseController.php(95): CBaseController->renderInternal('C:\\xampp\\htdocs...', Array, true)
#10 C:\xampp\htdocs\yii\framework\web\CController.php(869): CBaseController->renderFile('C:\\xampp\\htdocs...', Array, true)
#11 C:\xampp\htdocs\yii\framework\web\CController.php(782): CController->renderPartial('login', Array, true)
#12 C:\xampp\htdocs\sinteret\protected\controllers\SiteController.php(98): CController->render('login', Array)
#13 C:\xampp\htdocs\yii\framework\web\actions\CInlineAction.php(49): SiteController->actionLogin()
#14 C:\xampp\htdocs\yii\framework\web\CController.php(308): CInlineAction->runWithParams(Array)
#15 C:\xampp\htdocs\yii\framework\web\CController.php(286): CController->runAction(Object(CInlineAction))
#16 C:\xampp\htdocs\yii\framework\web\CController.php(265): CController->runActionWithFilters(Object(CInlineAction), Array)
#17 C:\xampp\htdocs\yii\framework\web\CWebApplication.php(282): CController->run('login')
#18 C:\xampp\htdocs\yii\framework\web\CWebApplication.php(141): CWebApplication->runController('site/login')
#19 C:\xampp\htdocs\yii\framework\base\CApplication.php(185): CWebApplication->processRequest()
#20 C:\xampp\htdocs\sinteret\index.php(13): CApplication->run()
#21 {main}
REQUEST_URI=/sinteret/index.php?r=site/login
HTTP_REFERER=http://localhost/sinteret/
---
2017/07/04 18:30:52 [error] [exception.ArgumentCountError] ArgumentCountError: Too few arguments to function LightOpenID::__construct(), 0 passed in C:\xampp\htdocs\sinteret\protected\extensions\lightopenid\loid.php on line 34 and exactly 1 expected in C:\xampp\htdocs\sinteret\protected\extensions\lightopenid\LightOpenID.php:74
Stack trace:
#0 C:\xampp\htdocs\sinteret\protected\extensions\lightopenid\loid.php(34): LightOpenID->__construct()
#1 C:\xampp\htdocs\sinteret\protected\extensions\eauth\EOpenIDService.php(55): loid->load()
#2 C:\xampp\htdocs\sinteret\protected\extensions\eauth\EAuth.php(136): EOpenIDService->init(Object(EAuth), Array)
#3 C:\xampp\htdocs\sinteret\protected\extensions\eauth\EAuth.php(72): EAuth->getIdentity(Array)
#4 C:\xampp\htdocs\sinteret\protected\extensions\eauth\EAuthWidget.php(63): EAuth->getServices()
#5 C:\xampp\htdocs\yii\framework\web\CBaseController.php(147): EAuthWidget->init()
#6 C:\xampp\htdocs\yii\framework\web\CBaseController.php(180): CBaseController->createWidget('application.ext...', Array)
#7 C:\xampp\htdocs\sinteret\protected\views\site\login.php(60): CBaseController->widget('application.ext...', Array)
#8 C:\xampp\htdocs\yii\framework\web\CBaseController.php(126): require('C:\\xampp\\htdocs...')
#9 C:\xampp\htdocs\yii\framework\web\CBaseController.php(95): CBaseController->renderInternal('C:\\xampp\\htdocs...', Array, true)
#10 C:\xampp\htdocs\yii\framework\web\CController.php(869): CBaseController->renderFile('C:\\xampp\\htdocs...', Array, true)
#11 C:\xampp\htdocs\yii\framework\web\CController.php(782): CController->renderPartial('login', Array, true)
#12 C:\xampp\htdocs\sinteret\protected\controllers\SiteController.php(98): CController->render('login', Array)
#13 C:\xampp\htdocs\yii\framework\web\actions\CInlineAction.php(49): SiteController->actionLogin()
#14 C:\xampp\htdocs\yii\framework\web\CController.php(308): CInlineAction->runWithParams(Array)
#15 C:\xampp\htdocs\yii\framework\web\CController.php(286): CController->runAction(Object(CInlineAction))
#16 C:\xampp\htdocs\yii\framework\web\CController.php(265): CController->runActionWithFilters(Object(CInlineAction), Array)
#17 C:\xampp\htdocs\yii\framework\web\CWebApplication.php(282): CController->run('login')
#18 C:\xampp\htdocs\yii\framework\web\CWebApplication.php(141): CWebApplication->runController('site/login')
#19 C:\xampp\htdocs\yii\framework\base\CApplication.php(185): CWebApplication->processRequest()
#20 C:\xampp\htdocs\sinteret\index.php(13): CApplication->run()
#21 {main}
REQUEST_URI=/sinteret/index.php?r=site/login
HTTP_REFERER=http://localhost/sinteret/
---
2017/07/04 18:32:52 [error] [exception.CException] CException: CAssetManager.basePath "C:\xampp\htdocs\sinteret\assets" is invalid. Please make sure the directory exists and is writable by the Web server process. in C:\xampp\htdocs\yii\framework\web\CAssetManager.php:138
Stack trace:
#0 C:\xampp\htdocs\yii\framework\web\CAssetManager.php(123): CAssetManager->setBasePath('C:\\xampp\\htdocs...')
#1 C:\xampp\htdocs\yii\framework\web\CAssetManager.php(217): CAssetManager->getBasePath()
#2 C:\xampp\htdocs\sinteret\protected\extensions\eauth\EAuthWidget.php(109): CAssetManager->publish('C:\\xampp\\htdocs...', false, -1, true)
#3 C:\xampp\htdocs\sinteret\protected\extensions\eauth\EAuthWidget.php(93): EAuthWidget->registerAssets()
#4 C:\xampp\htdocs\yii\framework\web\CBaseController.php(181): EAuthWidget->run()
#5 C:\xampp\htdocs\sinteret\protected\views\site\login.php(60): CBaseController->widget('application.ext...', Array)
#6 C:\xampp\htdocs\yii\framework\web\CBaseController.php(126): require('C:\\xampp\\htdocs...')
#7 C:\xampp\htdocs\yii\framework\web\CBaseController.php(95): CBaseController->renderInternal('C:\\xampp\\htdocs...', Array, true)
#8 C:\xampp\htdocs\yii\framework\web\CController.php(869): CBaseController->renderFile('C:\\xampp\\htdocs...', Array, true)
#9 C:\xampp\htdocs\yii\framework\web\CController.php(782): CController->renderPartial('login', Array, true)
#10 C:\xampp\htdocs\sinteret\protected\controllers\SiteController.php(98): CController->render('login', Array)
#11 C:\xampp\htdocs\yii\framework\web\actions\CInlineAction.php(49): SiteController->actionLogin()
#12 C:\xampp\htdocs\yii\framework\web\CController.php(308): CInlineAction->runWithParams(Array)
#13 C:\xampp\htdocs\yii\framework\web\CController.php(286): CController->runAction(Object(CInlineAction))
#14 C:\xampp\htdocs\yii\framework\web\CController.php(265): CController->runActionWithFilters(Object(CInlineAction), Array)
#15 C:\xampp\htdocs\yii\framework\web\CWebApplication.php(282): CController->run('login')
#16 C:\xampp\htdocs\yii\framework\web\CWebApplication.php(141): CWebApplication->runController('site/login')
#17 C:\xampp\htdocs\yii\framework\base\CApplication.php(185): CWebApplication->processRequest()
#18 C:\xampp\htdocs\sinteret\index.php(13): CApplication->run()
#19 {main}
REQUEST_URI=/sinteret/index.php?r=site/login
HTTP_REFERER=http://localhost/sinteret/
---
